<?xml version="1.0" encoding="UTF-8"?>
<!-- Generated by org.testng.reporters.JUnitXMLReporter -->
<testsuite ignored="3" hostname="vadim.ospd.net" failures="0" tests="3" name="Command line test" time="23.941" errors="0" timestamp="2022-11-04T21:30:20 VLAT">
  <testcase classname="tests.printdata.PrintDataTest" name="printDropdownContent" time="4.065"/>
  <testcase classname="tests.checkfilteredcars.CheckFilteredTest" name="checkCars" time="13.666"/>
  <testcase classname="tests.addtofav.AddToFavouriteTest" name="checkAddingСarToFavourite" time="6.193"/>
  <testcase classname="tests.base.BaseTest" name="@AfterSuite close" time="0.0">
    <ignored/>
  </testcase> <!-- @AfterSuite close -->
  <testcase classname="tests.base.BaseTest" name="@AfterSuite close" time="0.0">
    <ignored/>
  </testcase> <!-- @AfterSuite close -->
  <testcase classname="tests.base.BaseTest" name="@AfterSuite close" time="0.0">
    <ignored/>
  </testcase> <!-- @AfterSuite close -->
</testsuite> <!-- Command line test -->
