<?xml version="1.0" encoding="UTF-8"?>
<!-- Generated by org.testng.reporters.JUnitXMLReporter -->
<testsuite ignored="1" hostname="MacBook-Pro-Alisa.local" failures="0" tests="3" name="Command line test" time="38.476" errors="0" timestamp="2022-11-05T12:33:01 VLAT">
  <testcase classname="tests.printdata.PrintDataTest" name="printDropdownContent" time="8.494"/>
  <testcase classname="tests.checkfilteredcars.CheckFilteredTest" name="checkCars" time="16.601"/>
  <testcase classname="tests.addtofav.AddToFavouriteTest" name="checkAddingСarToFavourite" time="10.532"/>
  <testcase classname="tests.base.BaseTest" name="@AfterSuite close" time="0.0">
    <ignored/>
  </testcase> <!-- @AfterSuite close -->
</testsuite> <!-- Command line test -->
