<?xml version="1.0" encoding="UTF-8"?>
<testng-results ignored="1" total="4" passed="3" failed="0" skipped="0">
  <reporter-output>
  </reporter-output>
  <suite started-at="2022-11-05T12:32:22 VLAT" name="Command line suite" finished-at="2022-11-05T12:33:01 VLAT" duration-ms="38476">
    <groups>
    </groups>
    <test started-at="2022-11-05T12:32:22 VLAT" name="Command line test" finished-at="2022-11-05T12:33:01 VLAT" duration-ms="38476">
      <class name="tests.addtofav.AddToFavouriteTest">
        <test-method is-config="true" signature="driver()[pri:0, instance:tests.addtofav.AddToFavouriteTest@9255c05]" started-at="2022-11-05T12:32:49 VLAT" name="driver" finished-at="2022-11-05T12:32:50 VLAT" duration-ms="890" status="PASS">
          <reporter-output>
          </reporter-output>
        </test-method> <!-- driver -->
        <test-method signature="checkAddingСarToFavourite()[pri:0, instance:tests.addtofav.AddToFavouriteTest@9255c05]" started-at="2022-11-05T12:32:50 VLAT" name="checkAddingСarToFavourite" finished-at="2022-11-05T12:33:01 VLAT" duration-ms="10532" status="PASS">
          <reporter-output>
          </reporter-output>
        </test-method> <!-- checkAddingСarToFavourite -->
        <test-method is-config="true" signature="close()[pri:0, instance:tests.addtofav.AddToFavouriteTest@9255c05]" started-at="2022-11-05T12:33:01 VLAT" name="close" finished-at="2022-11-05T12:33:01 VLAT" duration-ms="110" status="PASS">
          <reporter-output>
          </reporter-output>
        </test-method> <!-- close -->
      </class> <!-- tests.addtofav.AddToFavouriteTest -->
      <class name="tests.checkfilteredcars.CheckFilteredTest">
        <test-method is-config="true" signature="driver()[pri:0, instance:tests.checkfilteredcars.CheckFilteredTest@64d7f7e0]" started-at="2022-11-05T12:32:32 VLAT" name="driver" finished-at="2022-11-05T12:32:33 VLAT" duration-ms="1133" status="PASS">
          <reporter-output>
          </reporter-output>
        </test-method> <!-- driver -->
        <test-method signature="checkCars()[pri:0, instance:tests.checkfilteredcars.CheckFilteredTest@64d7f7e0]" started-at="2022-11-05T12:32:33 VLAT" name="checkCars" finished-at="2022-11-05T12:32:49 VLAT" duration-ms="16601" status="PASS">
          <reporter-output>
          </reporter-output>
        </test-method> <!-- checkCars -->
        <test-method is-config="true" signature="close()[pri:0, instance:tests.checkfilteredcars.CheckFilteredTest@64d7f7e0]" started-at="2022-11-05T12:33:01 VLAT" name="close" finished-at="2022-11-05T12:33:01 VLAT" duration-ms="107" status="PASS">
          <reporter-output>
          </reporter-output>
        </test-method> <!-- close -->
      </class> <!-- tests.checkfilteredcars.CheckFilteredTest -->
      <class name="tests.printdata.PrintDataTest">
        <test-method is-config="true" signature="driver()[pri:0, instance:tests.printdata.PrintDataTest@23bb8443]" started-at="2022-11-05T12:32:22 VLAT" name="driver" finished-at="2022-11-05T12:32:23 VLAT" duration-ms="810" status="PASS">
          <reporter-output>
          </reporter-output>
        </test-method> <!-- driver -->
        <test-method signature="printDropdownContent()[pri:0, instance:tests.printdata.PrintDataTest@23bb8443]" started-at="2022-11-05T12:32:23 VLAT" name="printDropdownContent" finished-at="2022-11-05T12:32:32 VLAT" duration-ms="8494" status="PASS">
          <reporter-output>
          </reporter-output>
        </test-method> <!-- printDropdownContent -->
        <test-method is-config="true" signature="close()[pri:0, instance:tests.printdata.PrintDataTest@23bb8443]" started-at="2022-11-05T12:33:01 VLAT" name="close" finished-at="2022-11-05T12:33:01 VLAT" duration-ms="108" status="PASS">
          <reporter-output>
          </reporter-output>
        </test-method> <!-- close -->
      </class> <!-- tests.printdata.PrintDataTest -->
    </test> <!-- Command line test -->
  </suite> <!-- Command line suite -->
</testng-results>
